Watching for file changes with StatReloader
Waiting for apps ready_event.
Main Django thread has terminated before apps are ready.
Apps ready_event triggered. Sending autoreload_started signal.
Watching dir C:\magazinep\myapp\templates with glob **/*.
File C:\Python312\Lib\site-packages\django\utils\timesince.py first seen with mtime 1723392249.9635293
File C:\Python312\Lib\site-packages\django\core\checks\security\csrf.py first seen with mtime 1723392248.9376998
File C:\Python312\DLLs\_lzma.pyd first seen with mtime 1717683902.0
File C:\Python312\Lib\site-packages\charset_normalizer\legacy.py first seen with mtime 1723377128.4721148
File C:\Python312\Lib\site-packages\django\templatetags\cache.py first seen with mtime 1723392249.8183
File C:\Python312\DLLs\_queue.pyd first seen with mtime 1717683902.0
File C:\Python312\Lib\dataclasses.py first seen with mtime 1717683852.0
File C:\Python312\Lib\email\iterators.py first seen with mtime 1717683852.0
File C:\Python312\Lib\site-packages\sqlparse\filters\others.py first seen with mtime 1723392240.217155
File C:\Python312\Lib\site-packages\django\db\utils.py first seen with mtime 1723392249.1392004
File C:\Python312\Lib\site-packages\django\core\mail\__init__.py first seen with mtime 1723392248.996978
File C:\Python312\Lib\site-packages\django\template\autoreload.py first seen with mtime 1723392249.7517662
File C:\Python312\Lib\site-packages\django\utils\choices.py first seen with mtime 1723392249.889622
File C:\Python312\Lib\site-packages\urllib3\_version.py first seen with mtime 1723377127.0517573
File C:\Python312\Lib\site-packages\sqlparse\cli.py first seen with mtime 1723392240.2031305
File C:\Python312\Lib\tempfile.py first seen with mtime 1717683852.0
File C:\Python312\Lib\site-packages\django\template\loaders\__init__.py first seen with mtime 1723392249.8013117
File C:\Python312\Lib\site-packages\django\core\signing.py first seen with mtime 1723392248.8426077
File C:\Python312\Lib\site-packages\django\utils\dates.py first seen with mtime 1723392249.9045358
File C:\Python312\Lib\site-packages\django\db\models\sql\datastructures.py first seen with mtime 1723392249.4577873
File C:\Python312\Lib\gzip.py first seen with mtime 1717683852.0
File C:\Python312\Lib\email\mime\text.py first seen with mtime 1717683852.0
File C:\Python312\Lib\inspect.py first seen with mtime 1717683852.0
File C:\Python312\Lib\site-packages\colorama\initialise.py first seen with mtime 1725336039.536188
File C:\Python312\Lib\site-packages\django\db\models\functions\window.py first seen with mtime 1723392249.44779
File C:\Python312\Lib\fnmatch.py first seen with mtime 1717683852.0
File C:\Python312\Lib\site-packages\requests\__init__.py first seen with mtime 1723377129.1052086
File C:\Python312\Lib\site-packages\charset_normalizer\md.cp312-win_amd64.pyd first seen with mtime 1723377128.4751902
File C:\Python312\Lib\site-packages\django\db\models\lookups.py first seen with mtime 1723392249.381168
File C:\Python312\Lib\site-packages\django\db\models\functions\math.py first seen with mtime 1723392249.439574
File C:\Python312\Lib\locale.py first seen with mtime 1717683852.0
File C:\Python312\Lib\site-packages\django\utils\regex_helper.py first seen with mtime 1723392249.9535346
File C:\Python312\Lib\site-packages\django\contrib\staticfiles\finders.py first seen with mtime 1723392248.789739
File C:\Python312\Lib\asyncio\format_helpers.py first seen with mtime 1717683852.0
File C:\Python312\Lib\site-packages\django\utils\tree.py first seen with mtime 1723392249.9675694
File C:\Python312\Lib\asyncio\base_tasks.py first seen with mtime 1717683852.0
File C:\Python312\Lib\site-packages\django\contrib\messages\storage\__init__.py first seen with mtime 1723392246.1286845
File C:\Python312\DLLs\_bz2.pyd first seen with mtime 1717683902.0
File C:\Python312\Lib\site-packages\django\contrib\admin\exceptions.py first seen with mtime 1723392241.2998238
File C:\Python312\Lib\site-packages\django\utils\_os.py first seen with mtime 1723392249.8759766
File C:\Python312\Lib\site-packages\django\db\models\fields\files.py first seen with mtime 1723392249.4061832
File C:\Python312\Lib\site-packages\django\urls\utils.py first seen with mtime 1723392249.8697746
File C:\Python312\Lib\importlib\resources\_itertools.py first seen with mtime 1717683852.0
File C:\Python312\Lib\datetime.py first seen with mtime 1717683852.0
File C:\Python312\Lib\site-packages\django\core\files\__init__.py first seen with mtime 1723392248.9437416
File C:\Python312\Lib\email\contentmanager.py first seen with mtime 1717683852.0
File C:\Python312\Lib\site-packages\django\views\generic\list.py first seen with mtime 1723392250.0463884
File C:\Python312\Lib\site-packages\django\forms\models.py first seen with mtime 1723392249.492875
File C:\Python312\Lib\site-packages\django\core\checks\caches.py first seen with mtime 1723392248.9040296
File C:\Python312\Lib\site-packages\django\db\migrations\operations\special.py first seen with mtime 1723392249.3505402
File C:\Python312\DLLs\unicodedata.pyd first seen with mtime 1717683902.0
File C:\Python312\Lib\site-packages\django\core\checks\security\sessions.py first seen with mtime 1723392248.939726
File C:\Python312\Lib\site-packages\django\template\backends\django.py first seen with mtime 1723392249.7923093
File C:\Python312\Lib\site-packages\django\urls\__init__.py first seen with mtime 1723392249.8546007
File C:\Python312\Lib\site-packages\django\contrib\admin\options.py first seen with mtime 1723392241.3048236
File C:\Python312\Lib\http\cookiejar.py first seen with mtime 1717683852.0
File C:\Python312\Lib\site-packages\django\core\cache\__init__.py first seen with mtime 1723392248.8523116
File C:\Python312\Lib\zipfile\_path\__init__.py first seen with mtime 1717683852.0
File C:\Python312\Lib\concurrent\futures\_base.py first seen with mtime 1717683852.0
File C:\Python312\Lib\site-packages\django\utils\safestring.py first seen with mtime 1723392249.955532
File C:\Python312\Lib\site-packages\urllib3\util\timeout.py first seen with mtime 1723377127.0936196
File C:\Python312\Lib\site-packages\django\db\models\utils.py first seen with mtime 1723392249.3991842
File C:\Python312\Lib\site-packages\django\http\__init__.py first seen with mtime 1723392249.7117815
File C:\Python312\Lib\site-packages\django\db\models\indexes.py first seen with mtime 1723392249.3786538
File C:\Python312\Lib\site-packages\colorama\win32.py first seen with mtime 1725336039.5371943
File C:\Python312\Lib\site-packages\django\core\management\base.py first seen with mtime 1723392249.029268
File C:\Python312\Lib\nturl2path.py first seen with mtime 1717683852.0
File C:\Python312\Lib\site-packages\urllib3\util\ssltransport.py first seen with mtime 1723377127.0926266
File C:\Python312\Lib\importlib\resources\_common.py first seen with mtime 1717683852.0
File C:\Python312\Lib\site-packages\idna\intranges.py first seen with mtime 1723377127.8855627
File C:\Python312\Lib\site-packages\django\contrib\messages\storage\base.py first seen with mtime 1723392246.131697
File C:\Python312\Lib\site-packages\django\utils\hashable.py first seen with mtime 1723392249.9275343
File C:\Python312\Lib\site-packages\django\views\generic\__init__.py first seen with mtime 1723392250.0333729
File C:\Python312\Lib\site-packages\django\contrib\admin\helpers.py first seen with mtime 1723392241.3028243
File C:\Python312\Lib\site-packages\urllib3\response.py first seen with mtime 1723377127.0655217
File C:\Python312\Lib\site-packages\django\template\response.py first seen with mtime 1723392249.7797682
File C:\Python312\Lib\http\server.py first seen with mtime 1717683852.0
File C:\Python312\Lib\site-packages\django\utils\translation\__init__.py first seen with mtime 1723392249.9764326
File C:\Python312\Lib\asyncio\tasks.py first seen with mtime 1717683852.0
File C:\magazinep\magazinep\__init__.py first seen with mtime 1723392334.5534165
File C:\Python312\Lib\site-packages\asgiref\sync.py first seen with mtime 1723100202.8801951
File C:\Python312\Lib\site-packages\django\utils\timezone.py first seen with mtime 1723392249.9655461
File C:\Python312\Lib\tokenize.py first seen with mtime 1717683852.0
File C:\Python312\Lib\importlib\resources\_adapters.py first seen with mtime 1717683852.0
File C:\Python312\Lib\site-packages\django\core\handlers\base.py first seen with mtime 1723392248.9879901
File C:\Python312\Lib\sysconfig.py first seen with mtime 1717683852.0
File C:\Python312\Lib\asyncio\staggered.py first seen with mtime 1717683852.0
File C:\Python312\Lib\site-packages\django\contrib\sites\__init__.py first seen with mtime 1723392248.110062
File C:\Python312\Lib\asyncio\windows_utils.py first seen with mtime 1717683852.0
File C:\Python312\Lib\site-packages\django\core\files\storage\handler.py first seen with mtime 1723392248.9747632
File C:\Python312\Lib\site-packages\certifi\__init__.py first seen with mtime 1723377129.0068128
File C:\Python312\Lib\site-packages\django\template\library.py first seen with mtime 1723392249.7727735
File C:\Python312\Lib\site-packages\asgiref\current_thread_executor.py first seen with mtime 1723100202.8748279
File C:\Python312\Lib\site-packages\django\utils\dateformat.py first seen with mtime 1723392249.9005344
File C:\Python312\Lib\site-packages\django\contrib\contenttypes\management\__init__.py first seen with mtime 1723392243.760399
File C:\Python312\Lib\logging\handlers.py first seen with mtime 1717683852.0
File C:\Python312\Lib\ctypes\_endian.py first seen with mtime 1717683852.0
File C:\Python312\Lib\asyncio\windows_events.py first seen with mtime 1717683852.0
File C:\Python312\Lib\site-packages\django\core\signals.py first seen with mtime 1723392248.8406062
File C:\Python312\Lib\pkgutil.py first seen with mtime 1717683852.0
File C:\Python312\Lib\site-packages\django\db\migrations\utils.py first seen with mtime 1723392249.3335395
File C:\Python312\Lib\site-packages\django\core\mail\message.py first seen with mtime 1723392249.0000038
File C:\Python312\Lib\site-packages\django\db\models\fields\__init__.py first seen with mtime 1723392249.4031818
File C:\Python312\Lib\email\parser.py first seen with mtime 1717683852.0
File C:\Python312\DLLs\_decimal.pyd first seen with mtime 1717683902.0
File C:\Python312\Lib\getpass.py first seen with mtime 1717683852.0
File C:\Python312\Lib\site-packages\charset_normalizer\utils.py first seen with mtime 1723377128.4954777
File C:\Python312\Lib\site-packages\charset_normalizer\models.py first seen with mtime 1723377128.49148
File C:\Python312\Lib\bz2.py first seen with mtime 1717683852.0
File C:\Python312\Lib\site-packages\django\contrib\admin\templatetags\__init__.py first seen with mtime 1723392241.8348505
File C:\Python312\Lib\site-packages\django\core\files\uploadhandler.py first seen with mtime 1723392248.961732
File C:\Python312\Lib\site-packages\django\middleware\__init__.py first seen with mtime 1723392249.7247627
File C:\Python312\Lib\opcode.py first seen with mtime 1717683852.0
File C:\Python312\Lib\site-packages\django\utils\html.py first seen with mtime 1723392249.9305344
File C:\Python312\Lib\site-packages\django\db\models\__init__.py first seen with mtime 1723392249.3535347
File C:\Python312\Lib\site-packages\django\utils\deconstruct.py first seen with mtime 1723392249.9065328
File C:\Python312\Lib\site-packages\urllib3\util\ssl_.py first seen with mtime 1723377127.0906422
File C:\Python312\Lib\site-packages\django\views\i18n.py first seen with mtime 1723392250.0023882
File C:\Python312\Lib\site-packages\asgiref\__init__.py first seen with mtime 1723100202.8729978
File C:\Python312\Lib\html\entities.py first seen with mtime 1717683852.0
File C:\Python312\Lib\pathlib.py first seen with mtime 1717683852.0
File C:\Python312\Lib\site-packages\django\db\migrations\operations\models.py first seen with mtime 1723392249.347541
File C:\Python312\Lib\wsgiref\headers.py first seen with mtime 1717683852.0
File C:\Python312\Lib\site-packages\django\utils\version.py first seen with mtime 1723392249.9705708
File C:\Python312\Lib\asyncio\protocols.py first seen with mtime 1717683852.0
File C:\Python312\Lib\site-packages\django\core\checks\__init__.py first seen with mtime 1723392248.87969
File C:\Python312\Lib\site-packages\django\db\models\query_utils.py first seen with mtime 1723392249.3931925
File C:\Python312\Lib\lzma.py first seen with mtime 1717683852.0
File C:\Python312\DLLs\_ctypes.pyd first seen with mtime 1717683902.0
File C:\Python312\Lib\json\decoder.py first seen with mtime 1717683852.0
File C:\Python312\Lib\asyncio\constants.py first seen with mtime 1717683852.0
File C:\magazinep\myapp\apps.py first seen with mtime 1723392424.844528
File C:\Python312\Lib\site-packages\django\core\servers\__init__.py first seen with mtime 1723392249.1284246
File C:\Python312\Lib\concurrent\futures\thread.py first seen with mtime 1717683852.0
File C:\Python312\Lib\email\mime\nonmultipart.py first seen with mtime 1717683852.0
File C:\Python312\Lib\site-packages\django\contrib\admin\sites.py first seen with mtime 1723392241.3048236
File C:\Python312\Lib\site-packages\django\contrib\messages\api.py first seen with mtime 1723392246.1092741
File C:\Python312\Lib\site-packages\django\db\models\fields\generated.py first seen with mtime 1723392249.4081867
File C:\Python312\Lib\site-packages\django\core\handlers\exception.py first seen with mtime 1723392248.9909842
File C:\Python312\Lib\site-packages\django\apps\config.py first seen with mtime 1723392240.910329
File C:\Python312\Lib\email\__init__.py first seen with mtime 1717683852.0
File C:\Python312\Lib\ast.py first seen with mtime 1717683852.0
File C:\Python312\Lib\json\__init__.py first seen with mtime 1717683852.0
File C:\Python312\Lib\site-packages\django\db\models\sql\subqueries.py first seen with mtime 1723392249.4654362
File C:\Python312\Lib\site-packages\django\contrib\sites\apps.py first seen with mtime 1723392248.1151354
File C:\Python312\Lib\site-packages\django\core\serializers\json.py first seen with mtime 1723392249.1147664
File C:\Python312\Lib\site-packages\django\contrib\staticfiles\__init__.py first seen with mtime 1723392248.7817402
File C:\Python312\Lib\email\mime\multipart.py first seen with mtime 1717683852.0
File C:\Python312\Lib\site-packages\django\template\loaders\app_directories.py first seen with mtime 1723392249.8043199
File C:\Python312\Lib\threading.py first seen with mtime 1717683852.0
File C:\Python312\Lib\pprint.py first seen with mtime 1717683852.0
File C:\Python312\Lib\site-packages\urllib3\util\connection.py first seen with mtime 1723377127.0840847
File C:\Python312\Lib\functools.py first seen with mtime 1717683852.0
File C:\Python312\Lib\site-packages\django\core\checks\templates.py first seen with mtime 1723392248.9185748
File C:\Python312\Lib\re\_compiler.py first seen with mtime 1717683852.0
File C:\Python312\Lib\site-packages\requests\cookies.py first seen with mtime 1723377129.1222167
File C:\Python312\Lib\site-packages\urllib3\connection.py first seen with mtime 1723377127.0527558
File C:\Python312\Lib\site-packages\django\db\models\fields\proxy.py first seen with mtime 1723392249.415579
File C:\Python312\Lib\ssl.py first seen with mtime 1717683852.0
File C:\Python312\Lib\site-packages\django\core\servers\basehttp.py first seen with mtime 1723392249.1311822
File C:\Python312\Lib\site-packages\django\contrib\admin\widgets.py first seen with mtime 1723392241.307824
File C:\Python312\Lib\site-packages\django\contrib\admin\views\__init__.py first seen with mtime 1723392241.8388548
File C:\Python312\Lib\site-packages\django\db\migrations\operations\__init__.py first seen with mtime 1723392249.3395524
File C:\Python312\Lib\site-packages\django\contrib\contenttypes\apps.py first seen with mtime 1723392243.1449904
File C:\Python312\Lib\graphlib.py first seen with mtime 1717683852.0
File C:\Python312\Lib\site-packages\django\core\files\move.py first seen with mtime 1723392248.9537232
File C:\Python312\Lib\site-packages\django\utils\log.py first seen with mtime 1723392249.943533
File C:\Python312\Lib\site-packages\sqlparse\__init__.py first seen with mtime 1723392240.2011337
File C:\Python312\Lib\site-packages\requests\_internal_utils.py first seen with mtime 1723377129.1092207
File C:\Python312\Lib\site-packages\django\core\checks\messages.py first seen with mtime 1723392248.9110546
File C:\Python312\DLLs\_socket.pyd first seen with mtime 1717683902.0
File C:\Python312\Lib\site-packages\django\contrib\admin\checks.py first seen with mtime 1723392241.298825
File C:\Python312\Lib\importlib\readers.py first seen with mtime 1717683852.0
File C:\Python312\Lib\site-packages\django\utils\http.py first seen with mtime 1723392249.9325328
File C:\Python312\Lib\zoneinfo\_tzpath.py first seen with mtime 1717683852.0
File C:\Python312\Lib\site-packages\django\core\checks\database.py first seen with mtime 1723392248.906052
File C:\Python312\Lib\site-packages\django\utils\lorem_ipsum.py first seen with mtime 1723392249.9465353
File C:\Python312\Lib\site-packages\django\dispatch\dispatcher.py first seen with mtime 1723392249.4734592
File C:\Python312\Lib\site-packages\django\core\management\commands\__init__.py first seen with mtime 1723392249.041813
File C:\Python312\Lib\site-packages\django\template\base.py first seen with mtime 1723392249.7547553
File C:\Python312\Lib\zipfile\__init__.py first seen with mtime 1717683852.0
File C:\Python312\Lib\site-packages\django\contrib\__init__.py first seen with mtime 1723392241.2948236
File C:\Python312\Lib\site-packages\django\utils\ipv6.py first seen with mtime 1723392249.936535
File C:\Python312\Lib\email\_parseaddr.py first seen with mtime 1717683852.0
File C:\Python312\Lib\site-packages\sqlparse\lexer.py first seen with mtime 1723392240.2061288
File C:\Python312\Lib\email\base64mime.py first seen with mtime 1717683852.0
File C:\Python312\Lib\site-packages\django\http\cookie.py first seen with mtime 1723392249.7137787
File C:\Python312\Lib\site-packages\colorama\__init__.py first seen with mtime 1725336039.533284
File C:\Python312\Lib\site-packages\social_core\__init__.py first seen with mtime 1724319355.6054094
File C:\Python312\Lib\site-packages\requests\utils.py first seen with mtime 1723377129.1419687
File C:\Python312\Lib\site-packages\django\core\handlers\wsgi.py first seen with mtime 1723392248.9939861
File C:\Python312\Lib\ctypes\__init__.py first seen with mtime 1717683852.0
File C:\Python312\Lib\_weakrefset.py first seen with mtime 1717683852.0
File C:\Python312\Lib\site-packages\django\core\serializers\python.py first seen with mtime 1723392249.119763
File C:\Python312\Lib\site-packages\django\templatetags\i18n.py first seen with mtime 1723392249.8203223
File C:\Python312\Lib\site-packages\sqlparse\exceptions.py first seen with mtime 1723392240.2041297
File C:\Python312\Lib\site-packages\django\forms\utils.py first seen with mtime 1723392249.497856
File C:\Python312\Lib\email\message.py first seen with mtime 1717683852.0
File C:\Python312\Lib\site-packages\django\db\models\sql\constants.py first seen with mtime 1723392249.4557862
File C:\Python312\Lib\encodings\aliases.py first seen with mtime 1717683852.0
File C:\Python312\Lib\site-packages\django\template\backends\__init__.py first seen with mtime 1723392249.786305
File C:\Python312\Lib\asyncio\transports.py first seen with mtime 1717683852.0
File C:\Python312\Lib\wsgiref\__init__.py first seen with mtime 1717683852.0
File C:\Python312\Lib\site-packages\django\template\__init__.py first seen with mtime 1723392249.7487228
File C:\Python312\Lib\site-packages\colorama\ansi.py first seen with mtime 1725336039.534217
File C:\Python312\Lib\site-packages\django\db\models\options.py first seen with mtime 1723392249.3861938
File C:\Python312\Lib\signal.py first seen with mtime 1717683852.0
File C:\Python312\Lib\site-packages\django\templatetags\__init__.py first seen with mtime 1723392249.815302
File C:\Python312\Lib\site-packages\social_core\exceptions.py first seen with mtime 1724319355.607419
File C:\Python312\Lib\site-packages\django\db\models\expressions.py first seen with mtime 1723392249.3756545
File C:\Python312\Lib\site-packages\django\template\smartif.py first seen with mtime 1723392249.7823062
File C:\Python312\Lib\hmac.py first seen with mtime 1717683852.0
File C:\Python312\Lib\site-packages\django\views\__init__.py first seen with mtime 1723392249.9923766
File C:\Python312\Lib\site-packages\requests\exceptions.py first seen with mtime 1723377129.1241992
File C:\Python312\Lib\site-packages\sqlparse\filters\__init__.py first seen with mtime 1723392240.215137
File C:\Python312\Lib\site-packages\django\utils\connection.py first seen with mtime 1723392249.8925333
File C:\Python312\Lib\site-packages\django\templatetags\tz.py first seen with mtime 1723392249.8277364
File C:\Python312\Lib\site-packages\django\core\files\temp.py first seen with mtime 1723392248.9567227
File C:\Python312\Lib\site-packages\django\contrib\sessions\apps.py first seen with mtime 1723392247.3934171
File C:\Python312\Lib\site-packages\django\urls\exceptions.py first seen with mtime 1723392249.8637366
File C:\magazinep\myapp\__init__.py first seen with mtime 1723392424.8763306
File C:\Python312\Lib\site-packages\django\templatetags\l10n.py first seen with mtime 1723392249.8223085
File C:\Python312\Lib\site-packages\django\utils\numberformat.py first seen with mtime 1723392249.951543
File C:\Python312\Lib\site-packages\django\db\migrations\operations\fields.py first seen with mtime 1723392249.344541
File C:\Python312\Lib\site-packages\social_core\backends\__init__.py first seen with mtime 1724319355.610422
File C:\Python312\Lib\types.py first seen with mtime 1717683852.0
File C:\Python312\Lib\site-packages\colorama\winterm.py first seen with mtime 1725336039.5371943
File C:\Python312\Lib\site-packages\django\core\management\__init__.py first seen with mtime 1723392249.0262637
File C:\Python312\Lib\decimal.py first seen with mtime 1717683852.0
File C:\Python312\Lib\site-packages\django\utils\deprecation.py first seen with mtime 1723392249.9115362
File C:\Python312\Lib\asyncio\locks.py first seen with mtime 1717683852.0
File C:\Python312\Lib\site-packages\django\forms\widgets.py first seen with mtime 1723392249.5008702
File C:\Python312\Lib\asyncio\queues.py first seen with mtime 1717683852.0
File C:\Python312\Lib\site-packages\django\http\request.py first seen with mtime 1723392249.7197824
File C:\Python312\Lib\site-packages\django\core\validators.py first seen with mtime 1723392248.8456059
File C:\Python312\Lib\site-packages\django\core\cache\backends\base.py first seen with mtime 1723392248.86068
File C:\Python312\Lib\typing.py first seen with mtime 1717683852.0
File C:\Python312\Lib\site-packages\django\contrib\staticfiles\apps.py first seen with mtime 1723392248.7847393
File C:\Python312\Lib\secrets.py first seen with mtime 1717683852.0
File C:\Python312\Lib\site-packages\django\contrib\admin\apps.py first seen with mtime 1723392241.2978244
File C:\Python312\Lib\site-packages\django\contrib\sites\checks.py first seen with mtime 1723392248.117092
File C:\Python312\Lib\site-packages\django\core\files\base.py first seen with mtime 1723392248.9467323
File C:\Python312\Lib\site-packages\django\core\wsgi.py first seen with mtime 1723392248.84861
File C:\Python312\Lib\site-packages\django\db\models\functions\comparison.py first seen with mtime 1723392249.4345765
File C:\Python312\Lib\site-packages\django\apps\registry.py first seen with mtime 1723392240.9113338
File C:\Python312\Lib\site-packages\django\core\handlers\__init__.py first seen with mtime 1723392248.9829748
File C:\Python312\Lib\site-packages\django\views\generic\base.py first seen with mtime 1723392250.035374
File C:\Python312\Lib\asyncio\selector_events.py first seen with mtime 1717683852.0
File C:\Python312\Lib\site-packages\django\core\cache\utils.py first seen with mtime 1723392248.8543136
File C:\Python312\Lib\site-packages\django\__init__.py first seen with mtime 1723392240.9073336
File C:\Python312\Lib\importlib\resources\abc.py first seen with mtime 1717683852.0
File C:\Python312\Lib\struct.py first seen with mtime 1717683852.0
File C:\Python312\Lib\site-packages\django\middleware\csrf.py first seen with mtime 1723392249.7364368
File C:\Python312\Lib\site-packages\django\db\models\fields\related_descriptors.py first seen with mtime 1723392249.4226594
File C:\Python312\Lib\site-packages\django\core\paginator.py first seen with mtime 1723392248.837604
File C:\Python312\Lib\email\mime\message.py first seen with mtime 1717683852.0
File C:\Python312\Lib\site-packages\django\db\models\functions\mixins.py first seen with mtime 1723392249.442087
File C:\Python312\Lib\site-packages\django\db\backends\__init__.py first seen with mtime 1723392249.1423793
File C:\Python312\Lib\site-packages\django\views\generic\dates.py first seen with mtime 1723392250.0383742
File C:\Python312\Lib\site-packages\charset_normalizer\api.py first seen with mtime 1723377128.4650872
File C:\Python312\Lib\site-packages\django\db\models\fields\reverse_related.py first seen with mtime 1723392249.4285922
File C:\Python312\Lib\site-packages\django\contrib\auth\checks.py first seen with mtime 1723392242.3883145
File C:\Python312\Lib\hashlib.py first seen with mtime 1717683852.0
File C:\Python312\Lib\site-packages\django\template\loaders\base.py first seen with mtime 1723392249.806305
File C:\Python312\Lib\email\header.py first seen with mtime 1717683852.0
File C:\Python312\Lib\site-packages\django\contrib\admin\__init__.py first seen with mtime 1723392241.295824
File C:\Python312\Lib\site-packages\sqlparse\engine\filter_stack.py first seen with mtime 1723392240.2111325
File C:\Python312\Lib\calendar.py first seen with mtime 1717683852.0
File C:\Python312\Lib\site-packages\django\core\checks\registry.py first seen with mtime 1723392248.916542
File C:\Python312\Lib\site-packages\django\conf\locale\__init__.py first seen with mtime 1723392240.9207213
File C:\Python312\Lib\re\_parser.py first seen with mtime 1717683852.0
File C:\Python312\Lib\site-packages\django\core\files\storage\memory.py first seen with mtime 1723392248.9777672
File C:\Python312\Lib\subprocess.py first seen with mtime 1717683852.0
File C:\Python312\Lib\site-packages\django\core\serializers\base.py first seen with mtime 1723392249.1127748
File C:\Python312\Lib\site-packages\django\template\context.py first seen with mtime 1723392249.7567518
File C:\Python312\Lib\email\feedparser.py first seen with mtime 1717683852.0
File C:\Python312\Lib\selectors.py first seen with mtime 1717683852.0
File C:\Python312\Lib\site-packages\django\dispatch\__init__.py first seen with mtime 1723392249.4704587
File C:\Python312\Lib\site-packages\django\db\models\functions\datetime.py first seen with mtime 1723392249.436575
File C:\Python312\Lib\site-packages\sqlparse\utils.py first seen with mtime 1723392240.2091303
File C:\Python312\Lib\asyncio\base_events.py first seen with mtime 1717683852.0
File C:\Python312\Lib\site-packages\urllib3\filepost.py first seen with mtime 1723377127.0587015
File C:\Python312\Lib\email\headerregistry.py first seen with mtime 1717683852.0
File C:\Python312\Lib\site-packages\urllib3\util\wait.py first seen with mtime 1723377127.0976174
File C:\Python312\Lib\zoneinfo\_common.py first seen with mtime 1717683852.0
File C:\Python312\Lib\urllib\parse.py first seen with mtime 1717683852.0
File C:\Python312\Lib\site-packages\django\contrib\messages\__init__.py first seen with mtime 1723392246.1072783
File C:\Python312\Lib\site-packages\django\db\migrations\state.py first seen with mtime 1723392249.330548
File C:\Python312\Lib\site-packages\requests\adapters.py first seen with mtime 1723377129.1122217
File C:\Python312\Lib\site-packages\django\contrib\auth\management\__init__.py first seen with mtime 1723392243.090984
File C:\Python312\Lib\site-packages\django\db\__init__.py first seen with mtime 1723392249.1341958
File C:\Python312\Lib\random.py first seen with mtime 1717683852.0
File C:\Python312\Lib\site-packages\sqlparse\engine\grouping.py first seen with mtime 1723392240.2131572
File C:\Python312\Lib\site-packages\django\core\checks\async_checks.py first seen with mtime 1723392248.8810027
File C:\Python312\Lib\zipfile\_path\glob.py first seen with mtime 1717683852.0
File C:\Python312\Lib\platform.py first seen with mtime 1717683852.0
File C:\Python312\Lib\site-packages\django\utils\cache.py first seen with mtime 1723392249.8855348
File C:\Python312\Lib\site-packages\django\urls\resolvers.py first seen with mtime 1723392249.8677726
File C:\Python312\Lib\site-packages\django\core\files\uploadedfile.py first seen with mtime 1723392248.9587214
File C:\Python312\Lib\site-packages\requests\api.py first seen with mtime 1723377129.1141324
File C:\Python312\Lib\__future__.py first seen with mtime 1717683852.0
File C:\Python312\Lib\urllib\error.py first seen with mtime 1717683852.0
File C:\Python312\Lib\site-packages\django\views\decorators\common.py first seen with mtime 1723392250.0173736
File C:\Python312\Lib\site-packages\django\shortcuts.py first seen with mtime 1723392240.9083343
File C:\Python312\Lib\asyncio\sslproto.py first seen with mtime 1717683852.0
File C:\Python312\Lib\site-packages\django\utils\formats.py first seen with mtime 1723392249.9225342
File C:\Python312\Lib\site-packages\charset_normalizer\version.py first seen with mtime 1723377128.4967625
File C:\Python312\Lib\site-packages\django\db\backends\base\operations.py first seen with mtime 1723392249.177337
File C:\Python312\Lib\site-packages\django\forms\boundfield.py first seen with mtime 1723392249.4809642
File C:\Python312\Lib\importlib\resources\__init__.py first seen with mtime 1717683852.0
File C:\Python312\Lib\site-packages\sqlparse\sql.py first seen with mtime 1723392240.207129
File C:\Python312\Lib\warnings.py first seen with mtime 1717683852.0
File C:\Python312\Lib\site-packages\social_django\apps.py first seen with mtime 1724319359.1952703
File C:\Python312\Lib\site-packages\django\template\utils.py first seen with mtime 1723392249.7843022
File C:\Python312\Lib\site-packages\django\contrib\admin\views\autocomplete.py first seen with mtime 1723392241.8398564
File C:\Python312\Lib\site-packages\django\template\loaders\cached.py first seen with mtime 1723392249.8083014
File C:\Python312\Lib\site-packages\django\template\defaulttags.py first seen with mtime 1723392249.7657585
File C:\Python312\Lib\site-packages\idna\package_data.py first seen with mtime 1723377127.8875592
File C:\Python312\Lib\asyncio\proactor_events.py first seen with mtime 1717683852.0
File C:\Python312\Lib\site-packages\requests\status_codes.py first seen with mtime 1723377129.1375039
File C:\Python312\Lib\site-packages\django\utils\crypto.py first seen with mtime 1723392249.8945332
File C:\Python312\Lib\site-packages\django\core\checks\urls.py first seen with mtime 1723392248.9235725
File C:\Python312\Lib\email\charset.py first seen with mtime 1717683852.0
File C:\Python312\Lib\urllib\request.py first seen with mtime 1717683852.0
File C:\Python312\Lib\site-packages\django\core\cache\backends\filebased.py first seen with mtime 1723392248.8687375
File C:\Python312\Lib\wsgiref\simple_server.py first seen with mtime 1717683852.0
File C:\Python312\Lib\site-packages\charset_normalizer\constant.py first seen with mtime 1723377128.4701133
File C:\Python312\Lib\asyncio\__init__.py first seen with mtime 1717683852.0
File C:\Python312\Lib\email\policy.py first seen with mtime 1717683852.0
File C:\Python312\Lib\asyncio\subprocess.py first seen with mtime 1717683852.0
File C:\Python312\Lib\site-packages\requests\hooks.py first seen with mtime 1723377129.128211
File C:\Python312\Lib\site-packages\django\forms\renderers.py first seen with mtime 1723392249.4958694
File C:\Python312\Lib\site-packages\django\db\migrations\__init__.py first seen with mtime 1723392249.2999988
File C:\Python312\Lib\site-packages\sqlparse\tokens.py first seen with mtime 1723392240.2081285
File C:\Python312\Lib\email\mime\base.py first seen with mtime 1717683852.0
File C:\Python312\Lib\site-packages\sqlparse\filters\reindent.py first seen with mtime 1723392240.2181375
File C:\Python312\Lib\http\client.py first seen with mtime 1717683852.0
File C:\Python312\Lib\site-packages\django\db\models\aggregates.py first seen with mtime 1723392249.356544
File C:\Python312\Lib\site-packages\django\contrib\admin\filters.py first seen with mtime 1723392241.3008244
File C:\Python312\Lib\site-packages\urllib3\util\proxy.py first seen with mtime 1723377127.085199
File C:\Python312\Lib\site-packages\django\urls\base.py first seen with mtime 1723392249.8565319
File C:\Python312\Lib\_compression.py first seen with mtime 1717683852.0
File C:\Python312\Lib\site-packages\django\core\cache\backends\__init__.py first seen with mtime 1723392248.856606
File C:\Python312\Lib\site-packages\django\db\backends\base\__init__.py first seen with mtime 1723392249.1519399
File C:\Python312\Lib\site-packages\django\db\migrations\exceptions.py first seen with mtime 1723392249.3059976
File C:\Python312\Lib\dis.py first seen with mtime 1717683852.0
File C:\Python312\Lib\site-packages\django\contrib\staticfiles\utils.py first seen with mtime 1723392248.8037386
File C:\Python312\Lib\site-packages\urllib3\_base_connection.py first seen with mtime 1723377127.04631
File C:\Python312\Lib\site-packages\urllib3\exceptions.py first seen with mtime 1723377127.055762
File C:\Python312\Lib\site-packages\urllib3\util\url.py first seen with mtime 1723377127.0946205
File C:\Python312\Lib\json\encoder.py first seen with mtime 1717683852.0
File C:\Python312\Lib\importlib\resources\readers.py first seen with mtime 1717683852.0
File C:\Python312\Lib\site-packages\django\core\management\commands\runserver.py first seen with mtime 1723392249.0784671
File C:\Python312\Lib\http\__init__.py first seen with mtime 1717683852.0
File C:\Python312\Lib\site-packages\charset_normalizer\cd.py first seen with mtime 1723377128.4670808
File C:\Python312\Lib\site-packages\django\http\multipartparser.py first seen with mtime 1723392249.7167819
File C:\Python312\Lib\uuid.py first seen with mtime 1717683852.0
File C:\Python312\Lib\contextvars.py first seen with mtime 1717683852.0
File C:\Python312\Lib\quopri.py first seen with mtime 1717683852.0
File C:\Python312\Lib\site-packages\urllib3\poolmanager.py first seen with mtime 1723377127.0625222
File C:\Python312\Lib\site-packages\django\db\models\sql\where.py first seen with mtime 1723392249.467452
File C:\Python312\Lib\re\_casefix.py first seen with mtime 1717683852.0
File C:\Python312\Lib\site-packages\sqlparse\filters\tokens.py first seen with mtime 1723392240.2201362
File C:\Python312\Lib\site-packages\sqlparse\formatter.py first seen with mtime 1723392240.2051291
File C:\Python312\Lib\site-packages\urllib3\util\__init__.py first seen with mtime 1723377127.0828507
File C:\Python312\Lib\site-packages\django\core\files\images.py first seen with mtime 1723392248.9487214
File C:\Python312\Lib\asyncio\taskgroups.py first seen with mtime 1717683852.0
File C:\Python312\Lib\site-packages\django\db\migrations\operations\base.py first seen with mtime 1723392249.3425343
File C:\Python312\Lib\site-packages\requests\models.py first seen with mtime 1723377129.1312256
File C:\Python312\Lib\ipaddress.py first seen with mtime 1717683852.0
File C:\Python312\Lib\site-packages\django\core\checks\compatibility\__init__.py first seen with mtime 1723392248.9265792
File C:\Python312\Lib\site-packages\django\utils\autoreload.py first seen with mtime 1723392249.8825438
File C:\Python312\Lib\site-packages\django\utils\inspect.py first seen with mtime 1723392249.934534
File C:\Python312\Lib\asyncio\futures.py first seen with mtime 1717683852.0
File C:\Python312\Lib\asyncio\mixins.py first seen with mtime 1717683852.0
File C:\Python312\Lib\site-packages\requests\auth.py first seen with mtime 1723377129.1162066
File C:\Python312\Lib\site-packages\django\views\decorators\__init__.py first seen with mtime 1723392250.009383
File C:\Python312\Lib\socketserver.py first seen with mtime 1717683852.0
File C:\Python312\Lib\site-packages\social_django\__init__.py first seen with mtime 1724319359.1942677
File C:\Python312\Lib\site-packages\django\middleware\cache.py first seen with mtime 1723392249.7281053
File C:\Python312\Lib\site-packages\urllib3\util\response.py first seen with mtime 1723377127.0867927
File C:\Python312\Lib\token.py first seen with mtime 1717683852.0
File C:\Python312\Lib\site-packages\django\template\engine.py first seen with mtime 1723392249.7677805
File C:\Python312\Lib\asyncio\trsock.py first seen with mtime 1717683852.0
File C:\Python312\Lib\site-packages\django\contrib\admin\templatetags\admin_urls.py first seen with mtime 1723392241.8368506
File C:\Python312\Lib\site-packages\requests\structures.py first seen with mtime 1723377129.138869
File C:\Python312\Lib\encodings\utf_8.py first seen with mtime 1717683852.0
File C:\Python312\Lib\site-packages\django\core\checks\translation.py first seen with mtime 1723392248.9215739
File C:\Python312\Lib\site-packages\sqlparse\engine\__init__.py first seen with mtime 1723392240.2101288
File C:\Python312\Lib\asyncio\base_subprocess.py first seen with mtime 1717683852.0
File C:\Python312\Lib\site-packages\django\contrib\sessions\__init__.py first seen with mtime 1723392247.390756
File C:\Python312\Lib\importlib\__init__.py first seen with mtime 1717683852.0
File C:\Python312\Lib\site-packages\django\core\files\storage\base.py first seen with mtime 1723392248.9707768
File C:\Python312\Lib\site-packages\django\db\models\sql\__init__.py first seen with mtime 1723392249.450787
File C:\Python312\Lib\bisect.py first seen with mtime 1717683852.0
File C:\Python312\Lib\site-packages\urllib3\connectionpool.py first seen with mtime 1723377127.0537622
File C:\Python312\Lib\mimetypes.py first seen with mtime 1717683852.0
File C:\Python312\Lib\numbers.py first seen with mtime 1717683852.0
File C:\Python312\Lib\site-packages\django\utils\decorators.py first seen with mtime 1723392249.9095345
File C:\Python312\Lib\site-packages\django\utils\dateparse.py first seen with mtime 1723392249.9025311
File C:\Python312\Lib\site-packages\django\db\models\deletion.py first seen with mtime 1723392249.3697114
File C:\Python312\Lib\site-packages\django\contrib\auth\signals.py first seen with mtime 1723392242.414317
File C:\Python312\Lib\email\_policybase.py first seen with mtime 1717683852.0
File C:\Python312\Lib\site-packages\django\contrib\contenttypes\checks.py first seen with mtime 1723392243.146986
File C:\Python312\Lib\collections\abc.py first seen with mtime 1717683852.0
File C:\Python312\Lib\site-packages\django\core\files\utils.py first seen with mtime 1723392248.9647374
File C:\Python312\Lib\operator.py first seen with mtime 1717683852.0
File C:\Python312\Lib\email\quoprimime.py first seen with mtime 1717683852.0
File C:\Python312\Lib\site-packages\django\contrib\admin\utils.py first seen with mtime 1723392241.3068244
File C:\Python312\Lib\site-packages\django\db\models\functions\__init__.py first seen with mtime 1723392249.431575
File C:\Python312\Lib\site-packages\django\contrib\messages\constants.py first seen with mtime 1723392246.1142714
File C:\Python312\Lib\email\utils.py first seen with mtime 1717683852.0
File C:\Python312\Lib\encodings\__init__.py first seen with mtime 1717683852.0
File C:\Python312\Lib\asyncio\coroutines.py first seen with mtime 1717683852.0
File C:\Python312\Lib\site-packages\django\templatetags\static.py first seen with mtime 1723392249.825301
File C:\Python312\Lib\site-packages\urllib3\_request_methods.py first seen with mtime 1723377127.0497465
File C:\Python312\Lib\queue.py first seen with mtime 1717683852.0
File C:\Python312\Lib\site-packages\django\core\checks\files.py first seen with mtime 1723392248.9080498
File C:\Python312\Lib\site-packages\django\urls\converters.py first seen with mtime 1723392249.8615284
File C:\Python312\Lib\site-packages\sqlparse\filters\output.py first seen with mtime 1723392240.2181375
File C:\Python312\Lib\email\mime\__init__.py first seen with mtime 1717683852.0
File C:\Python312\Lib\site-packages\django\core\exceptions.py first seen with mtime 1723392248.8356073
File C:\Python312\Lib\site-packages\django\utils\duration.py first seen with mtime 1723392249.914536
File C:\Python312\DLLs\_asyncio.pyd first seen with mtime 1717683902.0
File C:\Python312\Lib\site-packages\requests\__version__.py first seen with mtime 1723377129.107221
File C:\Python312\Lib\site-packages\urllib3\util\ssl_match_hostname.py first seen with mtime 1723377127.0916207
File C:\Python312\Lib\site-packages\idna\idnadata.py first seen with mtime 1723377127.8845434
File C:\Python312\Lib\asyncio\runners.py first seen with mtime 1717683852.0
File C:\Python312\Lib\site-packages\django\template\loaders\filesystem.py first seen with mtime 1723392249.8113186
File C:\Python312\Lib\site-packages\django\views\decorators\cache.py first seen with mtime 1723392250.0123844
File C:\Python312\Lib\site-packages\django\db\models\functions\text.py first seen with mtime 1723392249.4447374
File C:\Python312\Lib\pickle.py first seen with mtime 1717683852.0
File C:\Python312\Lib\site-packages\django\template\loader.py first seen with mtime 1723392249.7747712
File C:\Python312\Lib\site-packages\django\utils\translation\trans_real.py first seen with mtime 1723392249.9882615
File C:\Python312\Lib\site-packages\django\contrib\messages\utils.py first seen with mtime 1723392246.1236868
File C:\Python312\DLLs\_ssl.pyd first seen with mtime 1717683902.0
File C:\Python312\Lib\site-packages\django\utils\__init__.py first seen with mtime 1723392249.8727756
File C:\Python312\Lib\site-packages\django\db\models\manager.py first seen with mtime 1723392249.3831882
File C:\Python312\Lib\site-packages\django\forms\forms.py first seen with mtime 1723392249.4869947
File C:\Python312\Lib\site-packages\django\contrib\admin\actions.py first seen with mtime 1723392241.2968254
File C:\Python312\Lib\glob.py first seen with mtime 1717683852.0
File C:\Python312\Lib\linecache.py first seen with mtime 1717683852.0
File C:\Python312\Lib\site-packages\django\conf\__init__.py first seen with mtime 1723392240.9123294
File C:\Python312\Lib\logging\__init__.py first seen with mtime 1717683852.0
File C:\Python312\Lib\asyncio\events.py first seen with mtime 1717683852.0
File C:\Python312\Lib\_markupbase.py first seen with mtime 1717683852.0
File C:\Python312\Lib\site-packages\django\forms\fields.py first seen with mtime 1723392249.4839964
File C:\Python312\Lib\importlib\_abc.py first seen with mtime 1717683852.0
File C:\Python312\Lib\site-packages\django\utils\functional.py first seen with mtime 1723392249.9255338
File C:\Python312\Lib\site-packages\requests\compat.py first seen with mtime 1723377129.12021
File C:\Python312\Lib\site-packages\django\utils\module_loading.py first seen with mtime 1723392249.9485362
File C:\Python312\Lib\site-packages\sqlparse\filters\aligned_indent.py first seen with mtime 1723392240.2161372
File C:\Python312\Lib\site-packages\certifi\core.py first seen with mtime 1723377129.0188155
File C:\Python312\Lib\site-packages\django\contrib\auth\decorators.py first seen with mtime 1723392242.396326
File C:\Python312\Lib\site-packages\django\db\models\base.py first seen with mtime 1723392249.359835
File C:\Python312\Lib\email\encoders.py first seen with mtime 1717683852.0
File C:\Python312\Lib\site-packages\urllib3\util\util.py first seen with mtime 1723377127.0966182
File C:\Python312\Lib\site-packages\django\forms\formsets.py first seen with mtime 1723392249.4898329
File C:\magazinep\magazinep\settings.py first seen with mtime 1725438374.3638942
File C:\Python312\Lib\ctypes\wintypes.py first seen with mtime 1717683852.0
File C:\Python312\Lib\email\generator.py first seen with mtime 1717683852.0
File C:\Python312\Lib\site-packages\django\contrib\auth\apps.py first seen with mtime 1723392242.380323
File C:\Python312\Lib\email\errors.py first seen with mtime 1717683852.0
File C:\Python312\Lib\site-packages\django\utils\termcolors.py first seen with mtime 1723392249.958532
File C:\Python312\Lib\site-packages\django\core\management\color.py first seen with mtime 1723392249.032276
File C:\Python312\Lib\contextlib.py first seen with mtime 1717683852.0
File C:\Python312\Lib\site-packages\django\template\loader_tags.py first seen with mtime 1723392249.7777705
File C:\Python312\Lib\site-packages\asgiref\local.py first seen with mtime 1723100202.8760397
File C:\Python312\DLLs\_hashlib.pyd first seen with mtime 1717683902.0
File C:\Python312\Lib\traceback.py first seen with mtime 1717683852.0
File C:\Python312\Lib\_compat_pickle.py first seen with mtime 1717683852.0
File C:\Python312\Lib\wsgiref\util.py first seen with mtime 1717683852.0
File C:\Python312\Lib\stringprep.py first seen with mtime 1717683852.0
File C:\Python312\Lib\asyncio\base_futures.py first seen with mtime 1717683852.0
File C:\Python312\Lib\reprlib.py first seen with mtime 1717683852.0
File C:\Python312\Lib\site-packages\django\db\models\enums.py first seen with mtime 1723392249.3726566
File C:\Python312\Lib\http\cookies.py first seen with mtime 1717683852.0
File C:\Python312\Lib\site-packages\django\db\transaction.py first seen with mtime 1723392249.1372168
File C:\Python312\Lib\site-packages\django\db\migrations\migration.py first seen with mtime 1723392249.317554
File C:\Python312\Lib\site-packages\django\db\backends\utils.py first seen with mtime 1723392249.1494
File C:\Python312\Lib\site-packages\django\apps\__init__.py first seen with mtime 1723392240.9093304
File C:\Python312\Lib\gettext.py first seen with mtime 1717683852.0
File C:\magazinep\manage.py first seen with mtime 1723392334.499335
File C:\Python312\Lib\site-packages\django\core\files\storage\__init__.py first seen with mtime 1723392248.9677556
File C:\Python312\Lib\asyncio\exceptions.py first seen with mtime 1717683852.0
File C:\Python312\Lib\site-packages\django\utils\encoding.py first seen with mtime 1723392249.9175532
File C:\Python312\Lib\site-packages\urllib3\fields.py first seen with mtime 1723377127.0567617
File C:\Python312\Lib\difflib.py first seen with mtime 1717683852.0
File C:\Python312\Lib\site-packages\django\db\models\fields\related_lookups.py first seen with mtime 1723392249.4256454
File C:\Python312\Lib\asyncio\threads.py first seen with mtime 1717683852.0
File C:\Python312\Lib\site-packages\django\core\__init__.py first seen with mtime 1723392248.830662
File C:\Python312\Lib\argparse.py first seen with mtime 1717683852.0
File C:\Python312\Lib\site-packages\requests\packages.py first seen with mtime 1723377129.133202
File C:\Python312\Lib\site-packages\django\db\models\constraints.py first seen with mtime 1723392249.364836
File C:\Python312\Lib\base64.py first seen with mtime 1717683852.0
File C:\Python312\Lib\site-packages\django\contrib\messages\apps.py first seen with mtime 1723392246.1122744
File C:\Python312\Lib\encodings\cp1252.py first seen with mtime 1717683852.0
File C:\Python312\Lib\site-packages\django\db\models\sql\query.py first seen with mtime 1723392249.4627843
File C:\Python312\Lib\site-packages\requests\sessions.py first seen with mtime 1723377129.1357996
File C:\Python312\Lib\site-packages\charset_normalizer\md__mypyc.cp312-win_amd64.pyd first seen with mtime 1723377128.4875648
File C:\Python312\Lib\asyncio\streams.py first seen with mtime 1717683852.0
File C:\Python312\Lib\asyncio\log.py first seen with mtime 1717683852.0
File C:\Python312\Lib\site-packages\django\core\mail\utils.py first seen with mtime 1723392249.0030024
File C:\Python312\Lib\site-packages\django\template\exceptions.py first seen with mtime 1723392249.770751
File C:\Python312\Lib\site-packages\django\core\checks\security\base.py first seen with mtime 1723392248.9338336
File C:\Python312\Lib\site-packages\django\utils\text.py first seen with mtime 1723392249.961533
File C:\Python312\Lib\site-packages\django\forms\__init__.py first seen with mtime 1723392249.4784522
File C:\Python312\Lib\copy.py first seen with mtime 1717683852.0
File C:\Python312\Lib\site-packages\django\views\generic\edit.py first seen with mtime 1723392250.0433874
File C:\Python312\Lib\keyword.py first seen with mtime 1717683852.0
File C:\Python312\Lib\urllib\__init__.py first seen with mtime 1717683852.0
File C:\Python312\Lib\site-packages\django\contrib\staticfiles\checks.py first seen with mtime 1723392248.7877545
File C:\Python312\Lib\site-packages\requests\certs.py first seen with mtime 1723377129.118209
File C:\Python312\Lib\site-packages\django\core\serializers\__init__.py first seen with mtime 1723392249.10976
File C:\Python312\Lib\site-packages\django\views\debug.py first seen with mtime 1723392249.9973934
File C:\Python312\Lib\enum.py first seen with mtime 1717683852.0
File C:\Python312\DLLs\_zoneinfo.pyd first seen with mtime 1717683902.0
File C:\Python312\Lib\concurrent\futures\__init__.py first seen with mtime 1717683852.0
File C:\Python312\Lib\json\scanner.py first seen with mtime 1717683852.0
File C:\Python312\Lib\socket.py first seen with mtime 1717683852.0
File C:\Python312\Lib\site-packages\django\template\backends\base.py first seen with mtime 1723392249.7893038
File C:\Python312\Lib\string.py first seen with mtime 1717683852.0
File C:\Python312\Lib\site-packages\django\views\generic\detail.py first seen with mtime 1723392250.0403728
File C:\Python312\Lib\site-packages\django\views\decorators\debug.py first seen with mtime 1723392250.0223927
File C:\Python312\Lib\concurrent\__init__.py first seen with mtime 1717683852.0
File C:\Python312\DLLs\_wmi.pyd first seen with mtime 1717683902.0
File C:\Python312\Lib\site-packages\django\contrib\auth\__init__.py first seen with mtime 1723392242.3753114
File C:\Python312\DLLs\select.pyd first seen with mtime 1717683902.0
File C:\Python312\Lib\site-packages\django\db\models\constants.py first seen with mtime 1723392249.3618226
File C:\Python312\Lib\site-packages\django\core\files\storage\mixins.py first seen with mtime 1723392248.97977
File C:\Python312\Lib\site-packages\idna\core.py first seen with mtime 1723377127.8831174
File C:\Python312\Lib\site-packages\django\contrib\contenttypes\__init__.py first seen with mtime 1723392243.1389847
File C:\Python312\Lib\site-packages\django\http\response.py first seen with mtime 1723392249.7227626
File C:\Python312\Lib\site-packages\colorama\ansitowin32.py first seen with mtime 1725336039.535267
File C:\Python312\Lib\shutil.py first seen with mtime 1717683852.0
File C:\Python312\Lib\importlib\resources\_legacy.py first seen with mtime 1717683852.0
File C:\Python312\Lib\site-packages\django\core\checks\model_checks.py first seen with mtime 1723392248.9140694
File C:\Python312\Lib\site-packages\django\db\models\fields\json.py first seen with mtime 1723392249.410187
File C:\Python312\Lib\collections\__init__.py first seen with mtime 1717683852.0
File C:\Python312\Lib\encodings\idna.py first seen with mtime 1717683852.0
File C:\Python312\Lib\weakref.py first seen with mtime 1717683852.0
File C:\Python312\Lib\site-packages\urllib3\util\retry.py first seen with mtime 1723377127.08761
File C:\Python312\Lib\site-packages\urllib3\__init__.py first seen with mtime 1723377127.0443091
File C:\Python312\DLLs\_uuid.pyd first seen with mtime 1717683902.0
File C:\Python312\Lib\site-packages\django\conf\global_settings.py first seen with mtime 1723392240.9133308
File C:\Python312\Lib\heapq.py first seen with mtime 1717683852.0
File C:\Python312\Lib\site-packages\django\contrib\admin\decorators.py first seen with mtime 1723392241.298825
File C:\Python312\Lib\site-packages\urllib3\_collections.py first seen with mtime 1723377127.0486963
File C:\Python312\Lib\html\parser.py first seen with mtime 1717683852.0
File C:\Python312\Lib\site-packages\django\template\defaultfilters.py first seen with mtime 1723392249.7627604
File C:\Python312\Lib\site-packages\sqlparse\keywords.py first seen with mtime 1723392240.2061288
File C:\Python312\Lib\site-packages\django\db\models\fields\mixins.py first seen with mtime 1723392249.4135115
File C:\Python312\Lib\site-packages\django\utils\datastructures.py first seen with mtime 1723392249.897545
File C:\Python312\Lib\textwrap.py first seen with mtime 1717683852.0
File C:\Python312\Lib\site-packages\django\db\models\query.py first seen with mtime 1723392249.3902788
File C:\Python312\Lib\site-packages\django\core\checks\compatibility\django_4_0.py first seen with mtime 1723392248.9285803
File C:\Python312\Lib\email\_header_value_parser.py first seen with mtime 1717683852.0
File C:\Python312\Lib\site-packages\django\db\models\fields\related.py first seen with mtime 1723392249.419572
File C:\Python312\Lib\wsgiref\handlers.py first seen with mtime 1717683852.0
File C:\Python312\Lib\site-packages\idna\__init__.py first seen with mtime 1723377127.8796062
File C:\Python312\Lib\site-packages\social_core\utils.py first seen with mtime 1724319355.610422
File C:\Python312\Lib\site-packages\django\contrib\sites\management.py first seen with mtime 1723392248.1190891
File C:\Python312\Lib\site-packages\charset_normalizer\__init__.py first seen with mtime 1723377128.461618
File C:\Python312\Lib\site-packages\django\core\files\storage\filesystem.py first seen with mtime 1723392248.972765
File C:\Python312\Lib\re\__init__.py first seen with mtime 1717683852.0
File C:\Python312\Lib\site-packages\django\db\models\signals.py first seen with mtime 1723392249.3961835
File C:\Python312\Lib\asyncio\timeouts.py first seen with mtime 1717683852.0
File C:\Python312\Lib\site-packages\django\urls\conf.py first seen with mtime 1723392249.8595262
File C:\Python312\Lib\site-packages\social_core\backends\base.py first seen with mtime 1724319355.6206698
File C:\Python312\Lib\copyreg.py first seen with mtime 1717683852.0
File C:\Python312\Lib\site-packages\urllib3\util\request.py first seen with mtime 1723377127.085703
File C:\Python312\Lib\site-packages\django\views\decorators\csrf.py first seen with mtime 1723392250.0193691
File C:\Python312\Lib\zoneinfo\__init__.py first seen with mtime 1717683852.0
File C:\Python312\Lib\re\_constants.py first seen with mtime 1717683852.0
File C:\Python312\Lib\email\_encoded_words.py first seen with mtime 1717683852.0
File C:\Python312\Lib\site-packages\urllib3\contrib\__init__.py first seen with mtime 1723377127.0669966
File C:\Python312\Lib\site-packages\sqlparse\engine\statement_splitter.py first seen with mtime 1723392240.2141397
File C:\Python312\Lib\html\__init__.py first seen with mtime 1717683852.0
File C:\Python312\Lib\logging\config.py first seen with mtime 1717683852.0
File C:\Python312\DLLs\_overlapped.pyd first seen with mtime 1717683902.0
File C:\Python312\Lib\urllib\response.py first seen with mtime 1717683852.0
File C:\Python312\Lib\site-packages\django\core\checks\security\__init__.py first seen with mtime 1723392248.9318109
File C:\Python312\Lib\site-packages\sqlparse\filters\right_margin.py first seen with mtime 1723392240.2191374
File C:\Python312\Lib\site-packages\django\core\files\locks.py first seen with mtime 1723392248.9517367
File C:\magazinep\myapp\templates\account first seen with mtime 1723506571.38572
File C:\magazinep\myapp\templates\content_browsing.html first seen with mtime 1725257986.558581
File C:\magazinep\myapp\templates\home.html first seen with mtime 1725355502.1674225
File C:\magazinep\myapp\templates\payment.html first seen with mtime 1723499217.6650548
File C:\magazinep\myapp\templates\subscription.html first seen with mtime 1723500782.1371505
File C:\magazinep\myapp\templates\account\forgot_password.html first seen with mtime 1723371287.2754664
File C:\magazinep\myapp\templates\account\login.html first seen with mtime 1725358300.9631546
File C:\magazinep\myapp\templates\account\profile.html first seen with mtime 1725257900.3809042
File C:\magazinep\magazinep\settings.py previous mtime: 1725438374.3638942, current mtime: 1725438601.145438
C:\magazinep\magazinep\settings.py notified as changed. Signal results: [(<function template_changed at 0x000001E9BA44C040>, None)].
C:\magazinep\magazinep\settings.py changed, reloading.
